<?xml version="1.0" encoding="UTF-8"?>
<!-- Generated by org.testng.reporters.JUnitReportReporter -->
<testsuite skipped="0" hostname="Reginalds-MacBook-Pro.local" name="famengpackage.fpg1001NG" tests="6" failures="0" timestamp="11 Sep 2018 21:47:18 GMT" time="0.565" errors="0">
  <testcase name="fpg1001VerifyAddToBag" time="0.059" classname="famengpackage.fpg1001NG"/>
  <testcase name="fpg1001VerifyPrice" time="0.048" classname="famengpackage.fpg1001NG"/>
  <testcase name="fpg1001VerifyShareDesignLink" time="0.053" classname="famengpackage.fpg1001NG"/>
  <testcase name="fpg1001VerifyDeliveryShippingCopy" time="0.272" classname="famengpackage.fpg1001NG"/>
  <testcase name="fpg1001VerifyOrderFabricSwatchesLink" time="0.086" classname="famengpackage.fpg1001NG"/>
  <testcase name="fpg1001VerifyName" time="0.047" classname="famengpackage.fpg1001NG"/>
</testsuite> <!-- famengpackage.fpg1001NG -->
