<?xml version="1.0" encoding="UTF-8"?>
<!-- Generated by org.testng.reporters.JUnitReportReporter -->
<testsuite skipped="0" hostname="Reginalds-MacBook-Pro.local" name="famengpackage.purchaseMastercard" tests="4" failures="0" timestamp="17 Sep 2018 21:02:10 GMT" time="15.428" errors="0">
  <testcase name="addToBag" time="3.137" classname="famengpackage.purchaseMastercard"/>
  <testcase name="checkoutPage" time="5.828" classname="famengpackage.purchaseMastercard"/>
  <testcase name="paymentPage" time="0.788" classname="famengpackage.purchaseMastercard"/>
  <testcase name="confirmationPage" time="5.675" classname="famengpackage.purchaseMastercard"/>
</testsuite> <!-- famengpackage.purchaseMastercard -->
