<?xml version="1.0" encoding="UTF-8"?>
<!-- Generated by org.testng.reporters.JUnitReportReporter -->
<testsuite skipped="0" hostname="Reginalds-MacBook-Pro.local" name="famengpackage.purchaseVisa" tests="4" failures="0" timestamp="17 Sep 2018 20:59:44 GMT" time="15.626" errors="0">
  <testcase name="addToBag" time="3.142" classname="famengpackage.purchaseVisa"/>
  <testcase name="checkoutPage" time="5.722" classname="famengpackage.purchaseVisa"/>
  <testcase name="paymentPage" time="0.670" classname="famengpackage.purchaseVisa"/>
  <testcase name="confirmationPage" time="6.092" classname="famengpackage.purchaseVisa"/>
</testsuite> <!-- famengpackage.purchaseVisa -->
