<?xml version="1.0" encoding="UTF-8"?>
<!-- Generated by org.testng.reporters.JUnitReportReporter -->
<testsuite skipped="0" hostname="Reginalds-MacBook-Pro.local" name="famengpackage.purchaseAmex" tests="4" failures="0" timestamp="25 Sep 2018 17:46:36 GMT" time="14.736" errors="0">
  <testcase name="addToBag" time="2.615" classname="famengpackage.purchaseAmex"/>
  <testcase name="checkoutPage" time="6.288" classname="famengpackage.purchaseAmex"/>
  <testcase name="paymentPage" time="0.666" classname="famengpackage.purchaseAmex"/>
  <testcase name="confirmationPage" time="5.167" classname="famengpackage.purchaseAmex"/>
</testsuite> <!-- famengpackage.purchaseAmex -->
