<?xml version="1.0" encoding="UTF-8"?>
<!-- Generated by org.testng.reporters.JUnitReportReporter -->
<testsuite skipped="0" hostname="Reginalds-MacBook-Pro.local" name="famengpackage.purchaseVisa" tests="4" failures="0" timestamp="25 Sep 2018 22:00:47 GMT" time="16.567" errors="0">
  <testcase name="addToBag" time="3.359" classname="famengpackage.purchaseVisa"/>
  <testcase name="checkoutPage" time="6.570" classname="famengpackage.purchaseVisa"/>
  <testcase name="paymentPage" time="0.701" classname="famengpackage.purchaseVisa"/>
  <testcase name="confirmationPage" time="5.937" classname="famengpackage.purchaseVisa"/>
</testsuite> <!-- famengpackage.purchaseVisa -->
