<?xml version="1.0" encoding="UTF-8"?>
<!-- Generated by org.testng.reporters.JUnitReportReporter -->
<testsuite skipped="0" hostname="Reginalds-MacBook-Pro.local" name="famengpackage.signUp" tests="6" failures="0" timestamp="19 Sep 2018 20:29:34 GMT" time="7.868" errors="0">
  <testcase name="loginNoCredentials" time="0.581" classname="famengpackage.signUp"/>
  <testcase name="loginFirstNameOnly" time="0.560" classname="famengpackage.signUp"/>
  <testcase name="loginLastNameOnly" time="0.585" classname="famengpackage.signUp"/>
  <testcase name="loginEmailOnly" time="0.835" classname="famengpackage.signUp"/>
  <testcase name="loginPasswordOnly" time="0.570" classname="famengpackage.signUp"/>
  <testcase name="loginFull" time="4.737" classname="famengpackage.signUp"/>
</testsuite> <!-- famengpackage.signUp -->
