<?xml version="1.0" encoding="UTF-8"?>
<!-- Generated by org.testng.reporters.JUnitReportReporter -->
<testsuite skipped="0" hostname="Reginalds-MacBook-Pro.local" name="famengpackage.signUp" tests="6" failures="0" timestamp="19 Sep 2018 00:12:11 GMT" time="5.611" errors="0">
  <testcase name="loginNoCredentials" time="0.592" classname="famengpackage.signUp"/>
  <testcase name="loginFirstNameOnly" time="0.548" classname="famengpackage.signUp"/>
  <testcase name="loginLastNameOnly" time="0.579" classname="famengpackage.signUp"/>
  <testcase name="loginEmailOnly" time="0.824" classname="famengpackage.signUp"/>
  <testcase name="loginPasswordOnly" time="0.536" classname="famengpackage.signUp"/>
  <testcase name="loginFull" time="2.532" classname="famengpackage.signUp"/>
</testsuite> <!-- famengpackage.signUp -->
