<?xml version="1.0" encoding="UTF-8"?>
<!-- Generated by org.testng.reporters.JUnitReportReporter -->
<testsuite skipped="0" hostname="Reginalds-MacBook-Pro.local" name="famengpackage.purchaseAmex" tests="4" failures="0" timestamp="17 Sep 2018 21:02:41 GMT" time="15.131" errors="0">
  <testcase name="addToBag" time="2.981" classname="famengpackage.purchaseAmex"/>
  <testcase name="checkoutPage" time="5.735" classname="famengpackage.purchaseAmex"/>
  <testcase name="paymentPage" time="0.754" classname="famengpackage.purchaseAmex"/>
  <testcase name="confirmationPage" time="5.661" classname="famengpackage.purchaseAmex"/>
</testsuite> <!-- famengpackage.purchaseAmex -->
