<?xml version="1.0" encoding="UTF-8"?>
<!-- Generated by org.testng.reporters.JUnitReportReporter -->
<testsuite skipped="0" hostname="Reginalds-MacBook-Pro.local" name="famengpackage.fpg1001NG" tests="2" failures="0" timestamp="11 Sep 2018 19:55:12 GMT" time="0.115" errors="0">
  <testcase name="fpg1001VerifyName" time="0.066" classname="famengpackage.fpg1001NG"/>
  <testcase name="fpg1001VerifyPrice" time="0.049" classname="famengpackage.fpg1001NG"/>
</testsuite> <!-- famengpackage.fpg1001NG -->
