<?xml version="1.0" encoding="UTF-8"?>
<!-- Generated by org.testng.reporters.JUnitReportReporter -->
<testsuite skipped="0" hostname="Reginalds-MacBook-Pro.local" name="famengpackage.purchaseVisa" tests="4" failures="0" timestamp="14 Sep 2018 22:18:46 GMT" time="14.636" errors="0">
  <testcase name="addToBag" time="2.768" classname="famengpackage.purchaseVisa"/>
  <testcase name="checkoutPage" time="5.882" classname="famengpackage.purchaseVisa"/>
  <testcase name="paymentPage" time="0.670" classname="famengpackage.purchaseVisa"/>
  <testcase name="confirmationPage" time="5.316" classname="famengpackage.purchaseVisa"/>
</testsuite> <!-- famengpackage.purchaseVisa -->
