<?xml version="1.0" encoding="UTF-8"?>
<!-- Generated by org.testng.reporters.JUnitReportReporter -->
<testsuite skipped="0" hostname="Reginalds-MacBook-Pro.local" name="famengpackage.fpg1001NG" tests="6" failures="0" timestamp="11 Sep 2018 20:27:13 GMT" time="0.363" errors="0">
  <testcase name="fpg1001VerifyAddToBag" time="0.062" classname="famengpackage.fpg1001NG"/>
  <testcase name="fpg1001VerifyPrice" time="0.048" classname="famengpackage.fpg1001NG"/>
  <testcase name="fpg1001VerifyShareDesignLink" time="0.052" classname="famengpackage.fpg1001NG"/>
  <testcase name="fpg1001VerifyDeliveryShippingCopy" time="0.052" classname="famengpackage.fpg1001NG"/>
  <testcase name="fpg1001VerifyOrderFabricSwatchesLink" time="0.099" classname="famengpackage.fpg1001NG"/>
  <testcase name="fpg1001VerifyName" time="0.050" classname="famengpackage.fpg1001NG"/>
</testsuite> <!-- famengpackage.fpg1001NG -->
