<?xml version="1.0" encoding="UTF-8"?>
<!-- Generated by org.testng.reporters.JUnitReportReporter -->
<testsuite skipped="0" hostname="Reginalds-MacBook-Pro.local" name="famengpackage.purchaseMastercard" tests="4" failures="0" timestamp="14 Sep 2018 22:41:57 GMT" time="14.272" errors="0">
  <testcase name="addToBag" time="2.782" classname="famengpackage.purchaseMastercard"/>
  <testcase name="checkoutPage" time="5.552" classname="famengpackage.purchaseMastercard"/>
  <testcase name="paymentPage" time="0.676" classname="famengpackage.purchaseMastercard"/>
  <testcase name="confirmationPage" time="5.262" classname="famengpackage.purchaseMastercard"/>
</testsuite> <!-- famengpackage.purchaseMastercard -->
