<?xml version="1.0" encoding="UTF-8"?>
<!-- Generated by org.testng.reporters.JUnitReportReporter -->
<testsuite skipped="0" hostname="Reginalds-MacBook-Pro.local" name="famengpackage.purchaseMastercard" tests="4" failures="0" timestamp="25 Sep 2018 17:45:15 GMT" time="15.948" errors="0">
  <testcase name="addToBag" time="2.695" classname="famengpackage.purchaseMastercard"/>
  <testcase name="checkoutPage" time="6.316" classname="famengpackage.purchaseMastercard"/>
  <testcase name="paymentPage" time="0.718" classname="famengpackage.purchaseMastercard"/>
  <testcase name="confirmationPage" time="6.219" classname="famengpackage.purchaseMastercard"/>
</testsuite> <!-- famengpackage.purchaseMastercard -->
