<?xml version="1.0" encoding="UTF-8"?>
<!-- Generated by org.testng.reporters.JUnitReportReporter -->
<testsuite skipped="0" hostname="Reginalds-MacBook-Pro.local" name="famengpackage.login" tests="3" failures="0" timestamp="21 Sep 2018 20:06:28 GMT" time="4.814" errors="0">
  <testcase name="loginNoCredentials" time="0.582" classname="famengpackage.login"/>
  <testcase name="loginWrongPassword" time="0.913" classname="famengpackage.login"/>
  <testcase name="loginSuccessful" time="3.319" classname="famengpackage.login"/>
</testsuite> <!-- famengpackage.login -->
