<?xml version="1.0" encoding="UTF-8"?>
<!-- Generated by org.testng.reporters.JUnitReportReporter -->
<testsuite skipped="0" hostname="Reginalds-MacBook-Pro.local" name="famengpackage.purchaseVisa" tests="4" failures="0" timestamp="14 Sep 2018 22:45:25 GMT" time="13.875" errors="0">
  <testcase name="addToBag" time="2.842" classname="famengpackage.purchaseVisa"/>
  <testcase name="checkoutPage" time="5.113" classname="famengpackage.purchaseVisa"/>
  <testcase name="paymentPage" time="0.719" classname="famengpackage.purchaseVisa"/>
  <testcase name="confirmationPage" time="5.201" classname="famengpackage.purchaseVisa"/>
</testsuite> <!-- famengpackage.purchaseVisa -->
