<?xml version="1.0" encoding="UTF-8"?>
<!-- Generated by org.testng.reporters.JUnitReportReporter -->
<testsuite skipped="0" hostname="Reginalds-MacBook-Pro.local" name="famengpackage.purchase" tests="2" failures="0" timestamp="12 Sep 2018 20:43:02 GMT" time="5.589" errors="0">
  <testcase name="addToBag" time="2.698" classname="famengpackage.purchase"/>
  <testcase name="checkoutPage" time="2.891" classname="famengpackage.purchase"/>
</testsuite> <!-- famengpackage.purchase -->
