<?xml version="1.0" encoding="UTF-8"?>
<!-- Generated by org.testng.reporters.JUnitReportReporter -->
<testsuite skipped="0" hostname="Reginalds-MacBook-Pro.local" name="famengpackage.purchaseVisa" tests="4" failures="0" timestamp="13 Sep 2018 01:11:59 GMT" time="13.902" errors="0">
  <testcase name="addToBag" time="2.869" classname="famengpackage.purchaseVisa"/>
  <testcase name="checkoutPage" time="5.313" classname="famengpackage.purchaseVisa"/>
  <testcase name="paymentPage" time="0.654" classname="famengpackage.purchaseVisa"/>
  <testcase name="confirmationPage" time="5.066" classname="famengpackage.purchaseVisa"/>
</testsuite> <!-- famengpackage.purchaseVisa -->
